<?xml version="1.0" encoding="UTF-8"?>
<!-- Generated by org.testng.reporters.JUnitXMLReporter -->
<testsuite hostname="LAPTOP-AS8JDII6" ignored="0" name="Test" tests="5" failures="4" timestamp="17 Jul 2019 08:48:02 GMT" time="133.701" errors="0">
  <testcase name="verify_invaliduser_invalidpwd" time="0.117" classname="com.testcases.CoreadminLogin_test">
    <failure type="java.lang.NullPointerException">
      <![CDATA[java.lang.NullPointerException
at java.util.Objects.requireNonNull(Unknown Source)
at org.openqa.selenium.support.ui.FluentWait.<init>(FluentWait.java:106)
at org.openqa.selenium.support.ui.WebDriverWait.<init>(WebDriverWait.java:85)
at org.openqa.selenium.support.ui.WebDriverWait.<init>(WebDriverWait.java:45)
at com.commonlibrary.Keywords.wait_for_xpath(Keywords.java:30)
at com.projectlibrary.AdminLogin.login_invaliduser_invalidpwd(AdminLogin.java:48)
at com.testcases.CoreadminLogin_test.verify_invaliduser_invalidpwd(CoreadminLogin_test.java:41)
... Removed 25 stack frames]]>
    </failure>
  </testcase> <!-- verify_invaliduser_invalidpwd -->
  <testcase name="verify_invaliduser_validpwd" time="0.003" classname="com.testcases.CoreadminLogin_test">
    <failure type="java.lang.NullPointerException">
      <![CDATA[java.lang.NullPointerException
at java.util.Objects.requireNonNull(Unknown Source)
at org.openqa.selenium.support.ui.FluentWait.<init>(FluentWait.java:106)
at org.openqa.selenium.support.ui.WebDriverWait.<init>(WebDriverWait.java:85)
at org.openqa.selenium.support.ui.WebDriverWait.<init>(WebDriverWait.java:45)
at com.commonlibrary.Keywords.wait_for_xpath(Keywords.java:30)
at com.projectlibrary.AdminLogin.login_invaliduser_validpwd(AdminLogin.java:36)
at com.testcases.CoreadminLogin_test.verify_invaliduser_validpwd(CoreadminLogin_test.java:32)
... Removed 25 stack frames]]>
    </failure>
  </testcase> <!-- verify_invaliduser_validpwd -->
  <testcase name="verify_validlogin" time="0.002" classname="com.testcases.CoreadminLogin_test">
    <failure type="java.lang.NullPointerException">
      <![CDATA[java.lang.NullPointerException
at java.util.Objects.requireNonNull(Unknown Source)
at org.openqa.selenium.support.ui.FluentWait.<init>(FluentWait.java:106)
at org.openqa.selenium.support.ui.WebDriverWait.<init>(WebDriverWait.java:85)
at org.openqa.selenium.support.ui.WebDriverWait.<init>(WebDriverWait.java:45)
at com.commonlibrary.Keywords.wait_for_xpath(Keywords.java:30)
at com.projectlibrary.AdminLogin.login_validuser_validpwd(AdminLogin.java:11)
at com.testcases.CoreadminLogin_test.verify_validlogin(CoreadminLogin_test.java:54)
... Removed 25 stack frames]]>
    </failure>
  </testcase> <!-- verify_validlogin -->
  <testcase name="verify_validuser_invalidpwd" time="13.372" classname="com.testcases.CoreadminLogin_test"/>
  <testcase name="verify_addCB_valid" time="120.147" classname="com.testcases.AddCB_test">
    <failure type="org.openqa.selenium.NoSuchElementException" message="no such element: Unable to locate element: {&amp;quot;method&amp;quot;:&amp;quot;xpath&amp;quot;,&amp;quot;selector&amp;quot;:&amp;quot;//button[contains(text(),&amp;apos;Add CB&amp;apos;)]&amp;quot;}
  (Session info: chrome=75.0.3770.100)
For documentation on this error, please visit: https://www.seleniumhq.org/exceptions/no_such_element.html
Build info: version: &amp;apos;3.141.59&amp;apos;, revision: &amp;apos;e82be7d358&amp;apos;, time: &amp;apos;2018-11-14T08:25:48&amp;apos;
System info: host: &amp;apos;LAPTOP-AS8JDII6&amp;apos;, ip: &amp;apos;192.168.0.106&amp;apos;, os.name: &amp;apos;Windows 10&amp;apos;, os.arch: &amp;apos;amd64&amp;apos;, os.version: &amp;apos;10.0&amp;apos;, java.version: &amp;apos;1.8.0_211&amp;apos;
Driver info: org.openqa.selenium.chrome.ChromeDriver
Capabilities {acceptInsecureCerts: false, browserName: chrome, browserVersion: 75.0.3770.100, chrome: {chromedriverVersion: 75.0.3770.90 (a6dcaf7e3ec6f..., userDataDir: C:\Users\USER\AppData\Local...}, goog:chromeOptions: {debuggerAddress: localhost:59718}, javascriptEnabled: true, networkConnectionEnabled: false, pageLoadStrategy: normal, platform: XP, platformName: XP, proxy: Proxy(), setWindowRect: true, strictFileInteractability: false, timeouts: {implicit: 0, pageLoad: 300000, script: 30000}, unhandledPromptBehavior: dismiss and notify}
Session ID: 7c8b6d851a7e88a267129ba9c48a079f
*** Element info: {Using=xpath, value=//button[contains(text(),&amp;apos;Add CB&amp;apos;)]}">
      <![CDATA[org.openqa.selenium.NoSuchElementException: no such element: Unable to locate element: {"method":"xpath","selector":"//button[contains(text(),'Add CB')]"}
  (Session info: chrome=75.0.3770.100)
For documentation on this error, please visit: https://www.seleniumhq.org/exceptions/no_such_element.html
Build info: version: '3.141.59', revision: 'e82be7d358', time: '2018-11-14T08:25:48'
System info: host: 'LAPTOP-AS8JDII6', ip: '192.168.0.106', os.name: 'Windows 10', os.arch: 'amd64', os.version: '10.0', java.version: '1.8.0_211'
Driver info: org.openqa.selenium.chrome.ChromeDriver
Capabilities {acceptInsecureCerts: false, browserName: chrome, browserVersion: 75.0.3770.100, chrome: {chromedriverVersion: 75.0.3770.90 (a6dcaf7e3ec6f..., userDataDir: C:\Users\USER\AppData\Local...}, goog:chromeOptions: {debuggerAddress: localhost:59718}, javascriptEnabled: true, networkConnectionEnabled: false, pageLoadStrategy: normal, platform: XP, platformName: XP, proxy: Proxy(), setWindowRect: true, strictFileInteractability: false, timeouts: {implicit: 0, pageLoad: 300000, script: 30000}, unhandledPromptBehavior: dismiss and notify}
Session ID: 7c8b6d851a7e88a267129ba9c48a079f
*** Element info: {Using=xpath, value=//button[contains(text(),'Add CB')]}
at org.openqa.selenium.remote.http.W3CHttpResponseCodec.createException(W3CHttpResponseCodec.java:187)
at org.openqa.selenium.remote.http.W3CHttpResponseCodec.decode(W3CHttpResponseCodec.java:122)
at org.openqa.selenium.remote.http.W3CHttpResponseCodec.decode(W3CHttpResponseCodec.java:49)
at org.openqa.selenium.remote.HttpCommandExecutor.execute(HttpCommandExecutor.java:158)
at org.openqa.selenium.remote.service.DriverCommandExecutor.execute(DriverCommandExecutor.java:83)
at org.openqa.selenium.remote.RemoteWebDriver.execute(RemoteWebDriver.java:552)
at org.openqa.selenium.remote.RemoteWebDriver.findElement(RemoteWebDriver.java:323)
at org.openqa.selenium.remote.RemoteWebDriver.findElementByXPath(RemoteWebDriver.java:428)
at org.openqa.selenium.By$ByXPath.findElement(By.java:353)
at org.openqa.selenium.remote.RemoteWebDriver.findElement(RemoteWebDriver.java:315)
at com.commonlibrary.Keywords.click_element(Keywords.java:25)
at com.projectlibrary.AddCB.addcb_valid(AddCB.java:11)
at com.testcases.AddCB_test.verify_addCB_valid(AddCB_test.java:21)
... Removed 29 stack frames]]>
    </failure>
  </testcase> <!-- verify_addCB_valid -->
</testsuite> <!-- Test -->
